<?xml version="1.0" encoding="UTF-8"?><testsuite errors="1" failures="0" name="Diligenciamiento del formulario" skipped="0" tests="1" time="30.97" timestamp="2024-02-27 02:52:24"><testcase name="Diligenciamiento exitosamente del formulario"><error message="no such element: Unable to locate element: {&quot;method&quot;:&quot;xpath&quot;,&quot;selector&quot;:&quot;//div[@class='bg-white rounded-md shadow-md p-5  flex flex-col items-center my-5 w-2/5 ']//child::p[2]&quot;}&#10;  (Session info: chrome=122.0.6261.69)&#10;For documentation on this error, please visit: https://www.seleniumhq.org/exceptions/no_such_element.html&#10;Build info: version: '3.141.59', revision: 'e82be7d358', time: '2018-11-14T08:17:03'&#10;System info: host: 'ronald-VivoBook-S15-X510UF', ip: '127.0.1.1', os.name: 'Linux', os.arch: 'amd64', os.version: '6.5.0-21-generic', java.version: '1.8.0_402'&#10;Driver info: org.openqa.selenium.chrome.ChromeDriver&#10;Capabilities {acceptInsecureCerts: false, browserName: chrome, browserVersion: 122.0.6261.69, chrome: {chromedriverVersion: 122.0.6261.69 (81bc525b6a36..., userDataDir: /tmp/.org.chromium.Chromium...}, fedcm:accounts: true, goog:chromeOptions: {debuggerAddress: localhost:32955}, javascriptEnabled: true, networkConnectionEnabled: false, pageLoadStrategy: normal, platform: LINUX, platformName: LINUX, proxy: Proxy(), setWindowRect: true, strictFileInteractability: false, timeouts: {implicit: 0, pageLoad: 300000, script: 30000}, unhandledPromptBehavior: dismiss and notify, webauthn:extension:credBlob: true, webauthn:extension:largeBlob: true, webauthn:extension:minPinLength: true, webauthn:extension:prf: true, webauthn:virtualAuthenticators: true}&#10;Session ID: e90cfd701b7d29ae8e79576af6b4dbaf&#10;*** Element info: {Using=xpath, value=//div[@class='bg-white rounded-md shadow-md p-5  flex flex-col items-center my-5 w-2/5 ']//child::p[2]}" type="org.openqa.selenium.NoSuchElementException">no such element: Unable to locate element: {"method":"xpath","selector":"//div[@class='bg-white rounded-md shadow-md p-5  flex flex-col items-center my-5 w-2/5 ']//child::p[2]"}
  (Session info: chrome=122.0.6261.69)
For documentation on this error, please visit: https://www.seleniumhq.org/exceptions/no_such_element.html
Build info: version: '3.141.59', revision: 'e82be7d358', time: '2018-11-14T08:17:03'
System info: host: 'ronald-VivoBook-S15-X510UF', ip: '127.0.1.1', os.name: 'Linux', os.arch: 'amd64', os.version: '6.5.0-21-generic', java.version: '1.8.0_402'
Driver info: org.openqa.selenium.chrome.ChromeDriver
Capabilities {acceptInsecureCerts: false, browserName: chrome, browserVersion: 122.0.6261.69, chrome: {chromedriverVersion: 122.0.6261.69 (81bc525b6a36..., userDataDir: /tmp/.org.chromium.Chromium...}, fedcm:accounts: true, goog:chromeOptions: {debuggerAddress: localhost:32955}, javascriptEnabled: true, networkConnectionEnabled: false, pageLoadStrategy: normal, platform: LINUX, platformName: LINUX, proxy: Proxy(), setWindowRect: true, strictFileInteractability: false, timeouts: {implicit: 0, pageLoad: 300000, script: 30000}, unhandledPromptBehavior: dismiss and notify, webauthn:extension:credBlob: true, webauthn:extension:largeBlob: true, webauthn:extension:minPinLength: true, webauthn:extension:prf: true, webauthn:virtualAuthenticators: true}
Session ID: e90cfd701b7d29ae8e79576af6b4dbaf
*** Element info: {Using=xpath, value=//div[@class='bg-white rounded-md shadow-md p-5  flex flex-col items-center my-5 w-2/5 ']//child::p[2]}</error><system-err>no such element: Unable to locate element: {"method":"xpath","selector":"//div[@class='bg-white rounded-md shadow-md p-5  flex flex-col items-center my-5 w-2/5 ']//child::p[2]"}
  (Session info: chrome=122.0.6261.69)
For documentation on this error, please visit: https://www.seleniumhq.org/exceptions/no_such_element.html
Build info: version: '3.141.59', revision: 'e82be7d358', time: '2018-11-14T08:17:03'
System info: host: 'ronald-VivoBook-S15-X510UF', ip: '127.0.1.1', os.name: 'Linux', os.arch: 'amd64', os.version: '6.5.0-21-generic', java.version: '1.8.0_402'
Driver info: org.openqa.selenium.chrome.ChromeDriver
Capabilities {acceptInsecureCerts: false, browserName: chrome, browserVersion: 122.0.6261.69, chrome: {chromedriverVersion: 122.0.6261.69 (81bc525b6a36..., userDataDir: /tmp/.org.chromium.Chromium...}, fedcm:accounts: true, goog:chromeOptions: {debuggerAddress: localhost:32955}, javascriptEnabled: true, networkConnectionEnabled: false, pageLoadStrategy: normal, platform: LINUX, platformName: LINUX, proxy: Proxy(), setWindowRect: true, strictFileInteractability: false, timeouts: {implicit: 0, pageLoad: 300000, script: 30000}, unhandledPromptBehavior: dismiss and notify, webauthn:extension:credBlob: true, webauthn:extension:largeBlob: true, webauthn:extension:minPinLength: true, webauthn:extension:prf: true, webauthn:virtualAuthenticators: true}
Session ID: e90cfd701b7d29ae8e79576af6b4dbaf
*** Element info: {Using=xpath, value=//div[@class='bg-white rounded-md shadow-md p-5  flex flex-col items-center my-5 w-2/5 ']//child::p[2]}
opitech.questions.CapturarTextoSegundaOperacionMatematica.answeredBy(CapturarTextoSegundaOperacionMatematica.java:16)
opitech.questions.CapturarTextoSegundaOperacionMatematica.answeredBy(CapturarTextoSegundaOperacionMatematica.java:8)
opitech.tasks.DiligenciarDatos.performAs(DiligenciarDatos.java:89)
opitech.stepdefinitions.FormStepDefinitions.diligenciaElFormularioDuranteDiezCiclos(FormStepDefinitions.java:28)
cucumber.runner.Runner.runPickle(Runner.java:80)
worker.org.gradle.process.internal.worker.GradleWorkerMain.run(GradleWorkerMain.java:69)
worker.org.gradle.process.internal.worker.GradleWorkerMain.main(GradleWorkerMain.java:74)
</system-err></testcase></testsuite>